<?xml version="1.0" encoding="UTF-8"?>
<coverage generated="1680953762362" clover="3.2.0">
  <project timestamp="1680953762362" name="All files">
    <metrics statements="6" coveredstatements="6" conditionals="4" coveredconditionals="2" methods="1" coveredmethods="1" elements="11" coveredelements="9" complexity="0" loc="6" ncloc="6" packages="1" files="1" classes="1"/>
    <file name="index.ts" path="D:\Learning-Nodejs\memes-api\package\src\index.ts">
      <metrics statements="6" coveredstatements="6" conditionals="4" coveredconditionals="2" methods="1" coveredmethods="1"/>
      <line num="36" count="1" type="stmt"/>
      <line num="37" count="4" type="cond" truecount="1" falsecount="1"/>
      <line num="39" count="4" type="cond" truecount="1" falsecount="1"/>
      <line num="47" count="4" type="stmt"/>
      <line num="49" count="4" type="stmt"/>
      <line num="67" count="4" type="stmt"/>
    </file>
  </project>
</coverage>
