{"D:\\Learning-Nodejs\\memes-package\\src\\index.ts": {"path":"D:\\Learning-Nodejs\\memes-package\\src\\index.ts","statementMap":{"0":{"start":{"line":37,"column":14},"end":{"line":37,"column":76}},"1":{"start":{"line":40,"column":4},"end":{"line":45,"column":null}},"2":{"start":{"line":48,"column":22},"end":{"line":48,"column":38}},"3":{"start":{"line":50,"column":29},"end":{"line":66,"column":4}},"4":{"start":{"line":68,"column":2},"end":{"line":68,"column":22}},"5":{"start":{"line":36,"column":0},"end":{"line":36,"column":7}}},"fnMap":{"0":{"name":"getMeme","decl":{"start":{"line":36,"column":22},"end":{"line":36,"column":29}},"loc":{"start":{"line":36,"column":46},"end":{"line":69,"column":1}}}},"branchMap":{"0":{"loc":{"start":{"line":37,"column":14},"end":{"line":37,"column":76}},"type":"cond-expr","locations":[{"start":{"line":37,"column":49},"end":{"line":37,"column":62}},{"start":{"line":37,"column":65},"end":{"line":37,"column":76}}]},"1":{"loc":{"start":{"line":40,"column":4},"end":{"line":45,"column":null}},"type":"cond-expr","locations":[{"start":{"line":41,"column":8},"end":{"line":42,"column":null}},{"start":{"line":44,"column":8},"end":{"line":45,"column":null}}]}},"s":{"0":1,"1":1,"2":1,"3":1,"4":1,"5":1},"f":{"0":1},"b":{"0":[0,1],"1":[1,0]}}
}
