{"D:\\Learning-Nodejs\\memes-api\\package\\src\\index.ts": {"path":"D:\\Learning-Nodejs\\memes-api\\package\\src\\index.ts","statementMap":{"0":{"start":{"line":37,"column":14},"end":{"line":37,"column":76}},"1":{"start":{"line":39,"column":4},"end":{"line":44,"column":null}},"2":{"start":{"line":47,"column":17},"end":{"line":47,"column":33}},"3":{"start":{"line":49,"column":29},"end":{"line":65,"column":4}},"4":{"start":{"line":67,"column":2},"end":{"line":67,"column":22}},"5":{"start":{"line":36,"column":0},"end":{"line":36,"column":7}}},"fnMap":{"0":{"name":"getMeme","decl":{"start":{"line":36,"column":22},"end":{"line":36,"column":29}},"loc":{"start":{"line":36,"column":46},"end":{"line":68,"column":1}}}},"branchMap":{"0":{"loc":{"start":{"line":37,"column":14},"end":{"line":37,"column":76}},"type":"cond-expr","locations":[{"start":{"line":37,"column":49},"end":{"line":37,"column":62}},{"start":{"line":37,"column":65},"end":{"line":37,"column":76}}]},"1":{"loc":{"start":{"line":39,"column":4},"end":{"line":44,"column":null}},"type":"cond-expr","locations":[{"start":{"line":40,"column":8},"end":{"line":41,"column":null}},{"start":{"line":43,"column":8},"end":{"line":44,"column":null}}]}},"s":{"0":4,"1":4,"2":4,"3":4,"4":4,"5":1},"f":{"0":4},"b":{"0":[0,4],"1":[0,4]}}
}
